<?xml version="1.0" encoding="UTF-8"?>
<!-- Generated by org.testng.reporters.JUnitXMLReporter -->
<testsuite ignored="0" hostname="LAPTOP-EDNQF8JN" failures="0" tests="3" name="Parallel test in chrome" time="62.124" errors="0" timestamp="2023-01-12T21:45:29 CST">
  <testcase classname="AmazonTestNG.Sprint2_Amazon" name="Test1" time="9.071"/>
  <testcase classname="AmazonTestNG.Sprint2_Amazon" name="Test2" time="39.9"/>
  <testcase classname="AmazonTestNG.Sprint2_Amazon" name="Test3" time="5.315"/>
</testsuite> <!-- Parallel test in chrome -->
