<?xml version="1.0" encoding="UTF-8"?>
<!-- Generated by org.testng.reporters.JUnitXMLReporter -->
<testsuite ignored="0" hostname="LAPTOP-EDNQF8JN" failures="0" tests="3" name="Test_of_AmazonSprint2 in chrome" time="58.508" errors="0" timestamp="2023-01-14T16:51:01 CST">
  <testcase classname="AmazonTestNG.Sprint2_Amazon" name="Test1" time="8.148"/>
  <testcase classname="AmazonTestNG.Sprint2_Amazon" name="Test2" time="38.535"/>
  <testcase classname="AmazonTestNG.Sprint2_Amazon" name="Test3" time="6.521"/>
</testsuite> <!-- Test_of_AmazonSprint2 in chrome -->
