<?xml version="1.0" encoding="UTF-8"?>
<!-- Generated by org.testng.reporters.JUnitXMLReporter -->
<testsuite ignored="0" hostname="LAPTOP-EDNQF8JN" failures="1" tests="1" name="Test_AmazonSprint1_Chrome" time="12.824" errors="0" timestamp="2023-01-11T01:31:26 CST">
  <testcase classname="AmazonTestNG.Sprint1_Amazon" name="Test1" time="8.289">
    <failure type="java.lang.AssertionError" message="The following asserts failed:
	expected [9000] but found [1-16 of over 20,000 results for],
	expected [Sell on Amazon 1] but found [Sell on Amazon]">
      <![CDATA[java.lang.AssertionError: The following asserts failed:
expected [9000] but found [1-16 of over 20,000 results for],
expected [Sell on Amazon 1] but found [Sell on Amazon]
at AmazonTestNG.Sprint1_Amazon.Test1(Sprint1_Amazon.java:41)
at java.base/java.util.ArrayList.forEach(ArrayList.java:1511)
... Removed 29 stack frames]]>
    </failure>
  </testcase> <!-- Test1 -->
</testsuite> <!-- Test_AmazonSprint1_Chrome -->
