<?xml version="1.0" encoding="UTF-8"?>
<!-- Generated by org.testng.reporters.JUnitXMLReporter -->
<testsuite ignored="0" hostname="LAPTOP-EDNQF8JN" failures="0" tests="4" name="Testing SignUp data in edge" time="39.746" errors="0" timestamp="2023-01-19T16:21:24 CST">
  <testcase classname="FacebookTestNG.FacebookSignInTest" name="FbSignUp" time="11.117"/>
  <testcase classname="FacebookTestNG.FacebookSignInTest" name="FbSignUp" time="9.4"/>
  <testcase classname="FacebookTestNG.FacebookSignInTest" name="FbSignUp" time="7.606"/>
  <testcase classname="FacebookTestNG.FacebookSignInTest" name="FbSignUp" time="6.816"/>
</testsuite> <!-- Testing SignUp data in edge -->
