<?xml version="1.0" encoding="UTF-8"?>
<!-- Generated by org.testng.reporters.JUnitXMLReporter -->
<testsuite ignored="0" hostname="LAPTOP-EDNQF8JN" failures="0" tests="3" name="Test_of_AmazonSprint2" time="49.346" errors="0" timestamp="2023-01-12T20:57:15 CST">
  <testcase classname="AmazonTestNG.Sprint2_Amazon" name="Test1" time="8.356"/>
  <testcase classname="AmazonTestNG.Sprint2_Amazon" name="Test2" time="31.573"/>
  <testcase classname="AmazonTestNG.Sprint2_Amazon" name="Test3" time="3.372"/>
</testsuite> <!-- Test_of_AmazonSprint2 -->
