<?xml version="1.0" encoding="UTF-8"?>
<!-- Generated by org.testng.reporters.JUnitXMLReporter -->
<testsuite ignored="0" hostname="LAPTOP-EDNQF8JN" failures="0" tests="3" name="Test_of_AmazonSprint2 in edge" time="48.388" errors="0" timestamp="2023-01-12T21:38:31 CST">
  <testcase classname="AmazonTestNG.Sprint2_Amazon" name="Test1" time="7.294"/>
  <testcase classname="AmazonTestNG.Sprint2_Amazon" name="Test2" time="31.542"/>
  <testcase classname="AmazonTestNG.Sprint2_Amazon" name="Test3" time="3.112"/>
</testsuite> <!-- Test_of_AmazonSprint2 in edge -->
