<?xml version="1.0" encoding="UTF-8"?>
<!-- Generated by org.testng.reporters.JUnitXMLReporter -->
<testsuite ignored="0" hostname="LAPTOP-EDNQF8JN" failures="1" tests="4" name="Testing all the class on the package chrome" time="61.346" errors="0" timestamp="2023-01-12T22:57:18 CST">
  <testcase classname="AmazonTestNG.Sprint2_Amazon" name="Test1" time="9.619"/>
  <testcase classname="AmazonTestNG.Sprint1_Amazon" name="Test1" time="11.262">
    <failure type="java.lang.AssertionError" message="The following asserts failed:
	expected [9000] but found [1-16 of over 20,000 results for],
	expected [Sell on Amazon 1] but found [Sell on Amazon]">
      <![CDATA[java.lang.AssertionError: The following asserts failed:
expected [9000] but found [1-16 of over 20,000 results for],
expected [Sell on Amazon 1] but found [Sell on Amazon]
at AmazonTestNG.Sprint1_Amazon.Test1(Sprint1_Amazon.java:41)
at java.base/java.util.concurrent.ThreadPoolExecutor.runWorker(ThreadPoolExecutor.java:1136)
at java.base/java.util.concurrent.ThreadPoolExecutor$Worker.run(ThreadPoolExecutor.java:635)
at java.base/java.lang.Thread.run(Thread.java:833)
... Removed 14 stack frames]]>
    </failure>
  </testcase> <!-- Test1 -->
  <testcase classname="AmazonTestNG.Sprint2_Amazon" name="Test2" time="40.254"/>
  <testcase classname="AmazonTestNG.Sprint2_Amazon" name="Test3" time="5.128"/>
</testsuite> <!-- Testing all the class on the package chrome -->
