<?xml version="1.0" encoding="UTF-8"?>
<!-- Generated by org.testng.reporters.JUnitXMLReporter -->
<testsuite ignored="2" hostname="LAPTOP-EDNQF8JN" failures="1" tests="1" name="Testing level" time="0.037" errors="0" timestamp="2023-01-14T17:36:02 CST">
  <testcase classname="AmazonTestNG.Sprint2_Amazon" name="Test1" time="0.005">
    <failure type="java.lang.NullPointerException" message="Cannot invoke &amp;quot;org.openqa.selenium.WebDriver.getCurrentUrl()&amp;quot; because &amp;quot;AmazonTestNG.Sprint2_Amazon.driver&amp;quot; is null">
      <![CDATA[java.lang.NullPointerException: Cannot invoke "org.openqa.selenium.WebDriver.getCurrentUrl()" because "AmazonTestNG.Sprint2_Amazon.driver" is null
at AmazonTestNG.Sprint2_Amazon.Test1(Sprint2_Amazon.java:25)
at java.base/java.util.ArrayList.forEach(ArrayList.java:1511)
... Removed 27 stack frames]]>
    </failure>
  </testcase> <!-- Test1 -->
  <testcase classname="AmazonTestNG.Sprint2_Amazon" name="Test2" time="0.0">
    <ignored/>
  </testcase> <!-- Test2 -->
  <testcase classname="AmazonTestNG.Sprint2_Amazon" name="Test3" time="0.0">
    <ignored/>
  </testcase> <!-- Test3 -->
</testsuite> <!-- Testing level -->
