<?xml version="1.0" encoding="UTF-8"?>
<!-- Generated by org.testng.reporters.JUnitXMLReporter -->
<testsuite ignored="0" hostname="LAPTOP-EDNQF8JN" failures="0" tests="3" name="Test_of_AmazonSprint2 in chrome" time="50.037" errors="0" timestamp="2023-01-12T21:37:42 CST">
  <testcase classname="AmazonTestNG.Sprint2_Amazon" name="Test1" time="7.574"/>
  <testcase classname="AmazonTestNG.Sprint2_Amazon" name="Test2" time="32.457"/>
  <testcase classname="AmazonTestNG.Sprint2_Amazon" name="Test3" time="3.675"/>
</testsuite> <!-- Test_of_AmazonSprint2 in chrome -->
