<?xml version="1.0" encoding="UTF-8"?>
<!-- Generated by org.testng.reporters.JUnitXMLReporter -->
<testsuite ignored="3" hostname="LAPTOP-EDNQF8JN" failures="0" tests="0" time="0.009" errors="0" timestamp="2023-01-18T12:45:29 CST">
  <testcase classname="AmazonTestNG.Sprint2_Amazon" name="Test1" time="0.0">
    <ignored/>
  </testcase> <!-- Test1 -->
  <testcase classname="AmazonTestNG.Sprint2_Amazon" name="Test2" time="0.0">
    <ignored/>
  </testcase> <!-- Test2 -->
  <testcase classname="AmazonTestNG.Sprint2_Amazon" name="Test3" time="0.0">
    <ignored/>
  </testcase> <!-- Test3 -->
</testsuite>
