<?xml version="1.0" encoding="UTF-8"?>
<testng-results ignored="0" total="1" passed="1" failed="0" skipped="0">
  <reporter-output>
  </reporter-output>
  <suite started-at="2023-01-10T19:20:08 CST" name="Default suite" finished-at="2023-01-10T19:20:14 CST" duration-ms="6037">
    <groups>
    </groups>
    <test started-at="2023-01-10T19:20:08 CST" name="Default test" finished-at="2023-01-10T19:20:14 CST" duration-ms="6037">
      <class name="AmazonTestNG.Sprint1_Amazon">
        <test-method is-config="true" signature="beforeClass()[pri:0, instance:AmazonTestNG.Sprint1_Amazon@bae7dc0]" started-at="2023-01-10T19:20:08 CST" name="beforeClass" finished-at="2023-01-10T19:20:13 CST" duration-ms="5103" status="PASS">
          <reporter-output>
          </reporter-output>
        </test-method> <!-- beforeClass -->
        <test-method signature="f()[pri:0, instance:AmazonTestNG.Sprint1_Amazon@bae7dc0]" started-at="2023-01-10T19:20:13 CST" name="f" finished-at="2023-01-10T19:20:13 CST" duration-ms="5" status="PASS">
          <reporter-output>
          </reporter-output>
        </test-method> <!-- f -->
        <test-method is-config="true" signature="afterMethod()[pri:0, instance:AmazonTestNG.Sprint1_Amazon@bae7dc0]" started-at="2023-01-10T19:20:13 CST" name="afterMethod" finished-at="2023-01-10T19:20:13 CST" duration-ms="698" status="PASS">
          <reporter-output>
          </reporter-output>
        </test-method> <!-- afterMethod -->
        <test-method is-config="true" signature="afterClass()[pri:0, instance:AmazonTestNG.Sprint1_Amazon@bae7dc0]" started-at="2023-01-10T19:20:13 CST" name="afterClass" finished-at="2023-01-10T19:20:14 CST" duration-ms="203" status="PASS">
          <reporter-output>
          </reporter-output>
        </test-method> <!-- afterClass -->
      </class> <!-- AmazonTestNG.Sprint1_Amazon -->
    </test> <!-- Default test -->
  </suite> <!-- Default suite -->
</testng-results>
